<?xml version="1.0" encoding="UTF-8"?>
<!-- Generated by org.testng.reporters.JUnitReportReporter -->
<testsuite skipped="0" hostname="BDC8-LX-G01L1KB" name="testNGDemos.ClearTripBookings" tests="15" failures="0" timestamp="14 Oct 2019 08:42:59 GMT" time="43.957" errors="0">
  <testcase name="selectFrom" time="0.984" classname="testNGDemos.ClearTripBookings"/>
  <testcase name="selectTo" time="0.909" classname="testNGDemos.ClearTripBookings"/>
  <testcase name="selectDate" time="0.369" classname="testNGDemos.ClearTripBookings"/>
  <testcase name="adultSelect" time="0.074" classname="testNGDemos.ClearTripBookings"/>
  <testcase name="childSelect" time="0.124" classname="testNGDemos.ClearTripBookings"/>
  <testcase name="infantSelect" time="0.118" classname="testNGDemos.ClearTripBookings"/>
  <testcase name="searchSelect" time="0.194" classname="testNGDemos.ClearTripBookings"/>
  <testcase name="seleccheapestFlight" time="5.566" classname="testNGDemos.ClearTripBookings"/>
  <testcase name="iteneryCheck" time="1.720" classname="testNGDemos.ClearTripBookings"/>
  <testcase name="emailAddress" time="2.342" classname="testNGDemos.ClearTripBookings"/>
  <testcase name="adult1Details" time="8.842" classname="testNGDemos.ClearTripBookings"/>
  <testcase name="child1Details" time="6.051" classname="testNGDemos.ClearTripBookings"/>
  <testcase name="infant1Details" time="5.896" classname="testNGDemos.ClearTripBookings"/>
  <testcase name="mobileNumber" time="0.464" classname="testNGDemos.ClearTripBookings"/>
  <testcase name="paymentPage" time="10.304" classname="testNGDemos.ClearTripBookings"/>
</testsuite> <!-- testNGDemos.ClearTripBookings -->
