<?xml version="1.0" encoding="UTF-8"?>
<!-- Generated by org.testng.reporters.JUnitReportReporter -->
<testsuite skipped="0" hostname="BDC8-LX-G01L1KB" name="dataProvider.NewTest" tests="2" failures="0" timestamp="09 Oct 2019 06:50:32 GMT" time="0.025" errors="0">
  <testcase name="f" time="0.023" classname="dataProvider.NewTest"/>
  <testcase name="f" time="0.002" classname="dataProvider.NewTest"/>
</testsuite> <!-- dataProvider.NewTest -->
