<?xml version="1.0" encoding="UTF-8"?>
<!-- Generated by org.testng.reporters.JUnitReportReporter -->
<testsuite skipped="0" hostname="BDC8-LX-G01L1KB" name="testNGDemos.ClearTripBookingsDataProvider" tests="15" failures="0" timestamp="22 Oct 2019 08:38:37 GMT" time="40.804" errors="0">
  <testcase name="selectFrom" time="0.909" classname="testNGDemos.ClearTripBookingsDataProvider"/>
  <testcase name="selectTo" time="0.884" classname="testNGDemos.ClearTripBookingsDataProvider"/>
  <testcase name="selectDate" time="0.257" classname="testNGDemos.ClearTripBookingsDataProvider"/>
  <testcase name="adultSelect" time="0.056" classname="testNGDemos.ClearTripBookingsDataProvider"/>
  <testcase name="childSelect" time="0.094" classname="testNGDemos.ClearTripBookingsDataProvider"/>
  <testcase name="infantSelect" time="0.081" classname="testNGDemos.ClearTripBookingsDataProvider"/>
  <testcase name="searchSelect" time="0.162" classname="testNGDemos.ClearTripBookingsDataProvider"/>
  <testcase name="seleccheapestFlight" time="10.224" classname="testNGDemos.ClearTripBookingsDataProvider"/>
  <testcase name="iteneryCheck" time="1.525" classname="testNGDemos.ClearTripBookingsDataProvider"/>
  <testcase name="emailAddress" time="1.129" classname="testNGDemos.ClearTripBookingsDataProvider"/>
  <testcase name="adult1Details" time="7.757" classname="testNGDemos.ClearTripBookingsDataProvider"/>
  <testcase name="child1Details" time="2.419" classname="testNGDemos.ClearTripBookingsDataProvider"/>
  <testcase name="infant1Details" time="3.423" classname="testNGDemos.ClearTripBookingsDataProvider"/>
  <testcase name="mobileNumber" time="0.360" classname="testNGDemos.ClearTripBookingsDataProvider"/>
  <testcase name="paymentPage" time="11.524" classname="testNGDemos.ClearTripBookingsDataProvider"/>
</testsuite> <!-- testNGDemos.ClearTripBookingsDataProvider -->
