<?xml version="1.0" encoding="UTF-8"?>
<!-- Generated by org.testng.reporters.JUnitReportReporter -->
<testsuite skipped="2" hostname="BDC8-LX-G01L1KB" name="testNGDemos.DepondsOnMethodsTest" tests="4" failures="0" timestamp="09 Oct 2019 10:10:19 GMT" time="11.603" errors="0">
  <testcase name="validate_support" time="3.725" classname="testNGDemos.DepondsOnMethodsTest"/>
  <testcase name="validate_register" time="7.878" classname="testNGDemos.DepondsOnMethodsTest"/>
  <testcase name="validate_contact" classname="testNGDemos.DepondsOnMethodsTest">
    <skipped/>
  </testcase> <!-- validate_contact -->
  <testcase name="validate_signOn" classname="testNGDemos.DepondsOnMethodsTest">
    <skipped/>
  </testcase> <!-- validate_signOn -->
</testsuite> <!-- testNGDemos.DepondsOnMethodsTest -->
