<?xml version="1.0" encoding="UTF-8"?>
<!-- Generated by org.testng.reporters.JUnitReportReporter -->
<testsuite skipped="0" hostname="BDC8-LX-G01L1KB" name="testNGDemos.ExcelReader" tests="2" failures="0" timestamp="22 Oct 2019 07:10:54 GMT" time="0.483" errors="0">
  <testcase name="ReaderMethog" time="0.483" classname="testNGDemos.ExcelReader"/>
  <testcase name="display" time="0.000" classname="testNGDemos.ExcelReader"/>
</testsuite> <!-- testNGDemos.ExcelReader -->
