<?xml version="1.0" encoding="UTF-8"?>
<!-- Generated by org.testng.reporters.JUnitReportReporter -->
<testsuite skipped="0" hostname="BDC8-LX-G01L1KB" name="testNGDemos.CheckingAccess" tests="2" failures="0" timestamp="22 Oct 2019 07:17:39 GMT" time="0.481" errors="0">
  <testcase name="excel" time="0.480" classname="testNGDemos.CheckingAccess"/>
  <testcase name="selectFrom" time="0.001" classname="testNGDemos.CheckingAccess"/>
</testsuite> <!-- testNGDemos.CheckingAccess -->
