<?xml version="1.0" encoding="UTF-8"?>
<!-- Generated by org.testng.reporters.JUnitReportReporter -->
<testsuite skipped="2" hostname="BDC8-LX-G01L1KB" name="testNGDemos.IgnoreTestSteps" tests="4" failures="0" timestamp="09 Oct 2019 10:10:19 GMT" time="15.570" errors="0">
  <testcase name="validate_signOn" time="4.984" classname="testNGDemos.IgnoreTestSteps"/>
  <testcase name="validate_contact" time="10.586" classname="testNGDemos.IgnoreTestSteps"/>
  <testcase name="validate_register" classname="testNGDemos.IgnoreTestSteps">
    <skipped/>
  </testcase> <!-- validate_register -->
  <testcase name="validate_support" classname="testNGDemos.IgnoreTestSteps">
    <skipped/>
  </testcase> <!-- validate_support -->
</testsuite> <!-- testNGDemos.IgnoreTestSteps -->
