<?xml version="1.0" encoding="UTF-8"?>
<!-- Generated by org.testng.reporters.JUnitReportReporter -->
<testsuite skipped="0" hostname="BDC8-LX-G01L1KB" name="dataProvider.dataProvider1" tests="3" failures="0" timestamp="09 Oct 2019 07:31:22 GMT" time="148.182" errors="0">
  <testcase name="registerUser" time="78.786" classname="dataProvider.dataProvider1"/>
  <testcase name="registerUser" time="39.747" classname="dataProvider.dataProvider1"/>
  <testcase name="registerUser" time="29.649" classname="dataProvider.dataProvider1"/>
</testsuite> <!-- dataProvider.dataProvider1 -->
